<?xml version="1.0" encoding="UTF-8"?>
<!-- Generated by org.testng.reporters.JUnitReportReporter -->
<testsuite skipped="0" hostname="OJAS00185" name="TestHomepage.LoginPageTest" tests="1" failures="0" timestamp="18 Jun 2019 12:58:21 GMT" time="18.540" errors="0">
  <testcase name="adminlogin" time="18.540" classname="TestHomepage.LoginPageTest"/>
</testsuite> <!-- TestHomepage.LoginPageTest -->
